<?xml version="1.0" encoding="UTF-8"?>
<!-- Generated by org.testng.reporters.JUnitReportReporter -->
<testsuite skipped="0" hostname="Meghas-MBP" name="com.test.ExpectedException" tests="1" failures="0" timestamp="2021-04-17T05:14:35 EDT" time="0.000" errors="0">
  <testcase name="test1" time="0.000" classname="com.test.ExpectedException"/>
  <system-out/>
</testsuite> <!-- com.test.ExpectedException -->
