<?xml version="1.0" encoding="UTF-8"?>
<!-- Generated by org.testng.reporters.JUnitReportReporter -->
<testsuite skipped="0" hostname="Meghas-MBP" name="com.test.TestNgFeatures" tests="2" failures="0" timestamp="2021-04-18T13:09:06 EDT" time="0.016" errors="0">
  <testcase name="HomePageTest" time="0.001" classname="com.test.TestNgFeatures"/>
  <system-out/>
  <testcase name="loginTest" time="0.015" classname="com.test.TestNgFeatures"/>
  <system-out/>
</testsuite> <!-- com.test.TestNgFeatures -->
