<?xml version="1.0" encoding="UTF-8"?>
<!-- Generated by org.testng.reporters.JUnitReportReporter -->
<testsuite skipped="0" hostname="Meghas-MBP" name="com.test.GoogleTitleTest" tests="2" failures="0" timestamp="2021-04-17T05:14:35 EDT" time="3.647" errors="0">
  <testcase name="googleLogoTest" time="1.948" classname="com.test.GoogleTitleTest"/>
  <system-out/>
  <testcase name="googleTitleTest" time="1.699" classname="com.test.GoogleTitleTest"/>
  <system-out/>
</testsuite> <!-- com.test.GoogleTitleTest -->
