<?xml version="1.0" encoding="UTF-8"?>
<!-- Generated by org.testng.reporters.JUnitReportReporter -->
<testsuite skipped="0" hostname="Meghas-MBP" name="com.test.TestNgBasics" tests="4" failures="0" timestamp="2021-04-18T13:08:40 EDT" time="9.823" errors="0">
  <testcase name="googleTitleTest" time="2.774" classname="com.test.TestNgBasics"/>
  <system-out/>
  <testcase name="test4" time="2.671" classname="com.test.TestNgBasics"/>
  <system-out/>
  <testcase name="mailLinkTest" time="1.782" classname="com.test.TestNgBasics"/>
  <system-out/>
  <testcase name="googleLogoTest" time="2.596" classname="com.test.TestNgBasics"/>
  <system-out/>
</testsuite> <!-- com.test.TestNgBasics -->
